{"uid":"5556075539923da1","name":"Professional login test (valid credentials)","fullName":"tests.test_professional_login#test_professional_login","historyId":"d83d7516c316a56de028e0adf36ef7d7","time":{"start":1757403560653,"stop":1757403572964,"duration":12311},"status":"broken","statusMessage":"selenium.common.exceptions.TimeoutException: Message: \nStacktrace:\n#0 0x555b13f1d94a <unknown>\n#1 0x555b139928a0 <unknown>\n#2 0x555b139e4540 <unknown>\n#3 0x555b139e4731 <unknown>\n#4 0x555b13a32824 <unknown>\n#5 0x555b13a0a05d <unknown>\n#6 0x555b13a2fc23 <unknown>\n#7 0x555b13a09e03 <unknown>\n#8 0x555b139d6968 <unknown>\n#9 0x555b139d75e1 <unknown>\n#10 0x555b13ee1548 <unknown>\n#11 0x555b13ee5272 <unknown>\n#12 0x555b13ec8313 <unknown>\n#13 0x555b13ee5dc5 <unknown>\n#14 0x555b13ead49f <unknown>\n#15 0x555b13f0a158 <unknown>\n#16 0x555b13f0a332 <unknown>\n#17 0x555b13f1ca53 <unknown>\n#18 0x7fc3c109caa4 <unknown>\n#19 0x7fc3c1129c3c <unknown>","statusTrace":"driver = <selenium.webdriver.chrome.webdriver.WebDriver (session=\"523950170bb5dfeed3748c9a992fb947\")>\n\n    @pytest.mark.smoke\n    @allure.title(\"Professional login test (valid credentials)\")\n    def test_professional_login(driver):\n        page = ProfessionalLoginPage(driver)\n        page.open()\n        time.sleep(2) # This line is added to pause the test\n    \n>       page.set_username(\"testuser\")\n\ntests/test_professional_login.py:17: \n_ _ _ _ _ _ _ _ _ _ _ _ _ _ _ _ _ _ _ _ _ _ _ _ _ _ _ _ _ _ _ _ _ _ _ _ _ _ _ _ \npages/professional_login_page.py:23: in set_username\n    WebDriverWait(self.driver, 10).until(EC.visibility_of_element_located(self.USERNAME)).clear()\n_ _ _ _ _ _ _ _ _ _ _ _ _ _ _ _ _ _ _ _ _ _ _ _ _ _ _ _ _ _ _ _ _ _ _ _ _ _ _ _ \n\nself = <selenium.webdriver.support.wait.WebDriverWait (session=\"523950170bb5dfeed3748c9a992fb947\")>\nmethod = <function visibility_of_element_located.<locals>._predicate at 0x7f2249a82200>\nmessage = ''\n\n    def until(self, method, message: str = \"\"):\n        \"\"\"Calls the method provided with the driver as an argument until the \\\n        return value does not evaluate to ``False``.\n    \n        :param method: callable(WebDriver)\n        :param message: optional message for :exc:`TimeoutException`\n        :returns: the result of the last call to `method`\n        :raises: :exc:`selenium.common.exceptions.TimeoutException` if timeout occurs\n        \"\"\"\n        screen = None\n        stacktrace = None\n    \n        end_time = time.monotonic() + self._timeout\n        while True:\n            try:\n                value = method(self._driver)\n                if value:\n                    return value\n            except self._ignored_exceptions as exc:\n                screen = getattr(exc, \"screen\", None)\n                stacktrace = getattr(exc, \"stacktrace\", None)\n            time.sleep(self._poll)\n            if time.monotonic() > end_time:\n                break\n>       raise TimeoutException(message, screen, stacktrace)\nE       selenium.common.exceptions.TimeoutException: Message: \nE       Stacktrace:\nE       #0 0x555b13f1d94a <unknown>\nE       #1 0x555b139928a0 <unknown>\nE       #2 0x555b139e4540 <unknown>\nE       #3 0x555b139e4731 <unknown>\nE       #4 0x555b13a32824 <unknown>\nE       #5 0x555b13a0a05d <unknown>\nE       #6 0x555b13a2fc23 <unknown>\nE       #7 0x555b13a09e03 <unknown>\nE       #8 0x555b139d6968 <unknown>\nE       #9 0x555b139d75e1 <unknown>\nE       #10 0x555b13ee1548 <unknown>\nE       #11 0x555b13ee5272 <unknown>\nE       #12 0x555b13ec8313 <unknown>\nE       #13 0x555b13ee5dc5 <unknown>\nE       #14 0x555b13ead49f <unknown>\nE       #15 0x555b13f0a158 <unknown>\nE       #16 0x555b13f0a332 <unknown>\nE       #17 0x555b13f1ca53 <unknown>\nE       #18 0x7fc3c109caa4 <unknown>\nE       #19 0x7fc3c1129c3c <unknown>\n\n/opt/hostedtoolcache/Python/3.13.7/x64/lib/python3.13/site-packages/selenium/webdriver/support/wait.py:95: TimeoutException","flaky":false,"newFailed":false,"newBroken":false,"newPassed":false,"retriesCount":0,"retriesStatusChange":false,"beforeStages":[{"name":"driver","time":{"start":1757403559904,"stop":1757403560653,"duration":749},"status":"passed","steps":[],"attachments":[],"parameters":[],"shouldDisplayMessage":false,"stepsCount":0,"attachmentsCount":0,"hasContent":false},{"name":"driver","time":{"start":1757403573140,"stop":1757403573886,"duration":746},"status":"passed","steps":[],"attachments":[],"parameters":[],"shouldDisplayMessage":false,"stepsCount":0,"attachmentsCount":0,"hasContent":false}],"testStage":{"status":"broken","statusMessage":"selenium.common.exceptions.TimeoutException: Message: \nStacktrace:\n#0 0x555b13f1d94a <unknown>\n#1 0x555b139928a0 <unknown>\n#2 0x555b139e4540 <unknown>\n#3 0x555b139e4731 <unknown>\n#4 0x555b13a32824 <unknown>\n#5 0x555b13a0a05d <unknown>\n#6 0x555b13a2fc23 <unknown>\n#7 0x555b13a09e03 <unknown>\n#8 0x555b139d6968 <unknown>\n#9 0x555b139d75e1 <unknown>\n#10 0x555b13ee1548 <unknown>\n#11 0x555b13ee5272 <unknown>\n#12 0x555b13ec8313 <unknown>\n#13 0x555b13ee5dc5 <unknown>\n#14 0x555b13ead49f <unknown>\n#15 0x555b13f0a158 <unknown>\n#16 0x555b13f0a332 <unknown>\n#17 0x555b13f1ca53 <unknown>\n#18 0x7fc3c109caa4 <unknown>\n#19 0x7fc3c1129c3c <unknown>","statusTrace":"driver = <selenium.webdriver.chrome.webdriver.WebDriver (session=\"523950170bb5dfeed3748c9a992fb947\")>\n\n    @pytest.mark.smoke\n    @allure.title(\"Professional login test (valid credentials)\")\n    def test_professional_login(driver):\n        page = ProfessionalLoginPage(driver)\n        page.open()\n        time.sleep(2) # This line is added to pause the test\n    \n>       page.set_username(\"testuser\")\n\ntests/test_professional_login.py:17: \n_ _ _ _ _ _ _ _ _ _ _ _ _ _ _ _ _ _ _ _ _ _ _ _ _ _ _ _ _ _ _ _ _ _ _ _ _ _ _ _ \npages/professional_login_page.py:23: in set_username\n    WebDriverWait(self.driver, 10).until(EC.visibility_of_element_located(self.USERNAME)).clear()\n_ _ _ _ _ _ _ _ _ _ _ _ _ _ _ _ _ _ _ _ _ _ _ _ _ _ _ _ _ _ _ _ _ _ _ _ _ _ _ _ \n\nself = <selenium.webdriver.support.wait.WebDriverWait (session=\"523950170bb5dfeed3748c9a992fb947\")>\nmethod = <function visibility_of_element_located.<locals>._predicate at 0x7f2249a82200>\nmessage = ''\n\n    def until(self, method, message: str = \"\"):\n        \"\"\"Calls the method provided with the driver as an argument until the \\\n        return value does not evaluate to ``False``.\n    \n        :param method: callable(WebDriver)\n        :param message: optional message for :exc:`TimeoutException`\n        :returns: the result of the last call to `method`\n        :raises: :exc:`selenium.common.exceptions.TimeoutException` if timeout occurs\n        \"\"\"\n        screen = None\n        stacktrace = None\n    \n        end_time = time.monotonic() + self._timeout\n        while True:\n            try:\n                value = method(self._driver)\n                if value:\n                    return value\n            except self._ignored_exceptions as exc:\n                screen = getattr(exc, \"screen\", None)\n                stacktrace = getattr(exc, \"stacktrace\", None)\n            time.sleep(self._poll)\n            if time.monotonic() > end_time:\n                break\n>       raise TimeoutException(message, screen, stacktrace)\nE       selenium.common.exceptions.TimeoutException: Message: \nE       Stacktrace:\nE       #0 0x555b13f1d94a <unknown>\nE       #1 0x555b139928a0 <unknown>\nE       #2 0x555b139e4540 <unknown>\nE       #3 0x555b139e4731 <unknown>\nE       #4 0x555b13a32824 <unknown>\nE       #5 0x555b13a0a05d <unknown>\nE       #6 0x555b13a2fc23 <unknown>\nE       #7 0x555b13a09e03 <unknown>\nE       #8 0x555b139d6968 <unknown>\nE       #9 0x555b139d75e1 <unknown>\nE       #10 0x555b13ee1548 <unknown>\nE       #11 0x555b13ee5272 <unknown>\nE       #12 0x555b13ec8313 <unknown>\nE       #13 0x555b13ee5dc5 <unknown>\nE       #14 0x555b13ead49f <unknown>\nE       #15 0x555b13f0a158 <unknown>\nE       #16 0x555b13f0a332 <unknown>\nE       #17 0x555b13f1ca53 <unknown>\nE       #18 0x7fc3c109caa4 <unknown>\nE       #19 0x7fc3c1129c3c <unknown>\n\n/opt/hostedtoolcache/Python/3.13.7/x64/lib/python3.13/site-packages/selenium/webdriver/support/wait.py:95: TimeoutException","steps":[],"attachments":[{"uid":"3407b01005ae8345","name":"screenshot","source":"3407b01005ae8345.png","type":"image/png","size":20719}],"parameters":[],"shouldDisplayMessage":true,"stepsCount":0,"attachmentsCount":1,"hasContent":true},"afterStages":[{"name":"driver::0","time":{"start":1757403573075,"stop":1757403573139,"duration":64},"status":"passed","steps":[],"attachments":[],"parameters":[],"shouldDisplayMessage":false,"stepsCount":0,"attachmentsCount":0,"hasContent":false},{"name":"driver::0","time":{"start":1757403586193,"stop":1757403586257,"duration":64},"status":"passed","steps":[],"attachments":[],"parameters":[],"shouldDisplayMessage":false,"stepsCount":0,"attachmentsCount":0,"hasContent":false}],"labels":[{"name":"tag","value":"smoke"},{"name":"parentSuite","value":"tests"},{"name":"suite","value":"test_professional_login"},{"name":"host","value":"runnervmf4ws1"},{"name":"thread","value":"2875-MainThread"},{"name":"framework","value":"pytest"},{"name":"language","value":"cpython3"},{"name":"package","value":"tests.test_professional_login"},{"name":"resultFormat","value":"allure2"}],"parameters":[],"links":[],"hidden":false,"retry":false,"extra":{"severity":"normal","retries":[],"categories":[{"name":"Test defects","matchedStatuses":[],"flaky":false}],"tags":["smoke"]},"source":"5556075539923da1.json","parameterValues":[]}