{"uid":"782b8adc6ba83427","name":"Professional login test (valid credentials)","fullName":"tests.test_professional_login#test_professional_login","historyId":"d83d7516c316a56de028e0adf36ef7d7","time":{"start":1757401594711,"stop":1757401605482,"duration":10771},"status":"broken","statusMessage":"selenium.common.exceptions.TimeoutException: Message: \nStacktrace:\n#0 0x55a2a760b08a <unknown>\n#1 0x55a2a70aaa70 <unknown>\n#2 0x55a2a70fc907 <unknown>\n#3 0x55a2a70fcb01 <unknown>\n#4 0x55a2a714ad54 <unknown>\n#5 0x55a2a712240d <unknown>\n#6 0x55a2a714814f <unknown>\n#7 0x55a2a71221b3 <unknown>\n#8 0x55a2a70ee59b <unknown>\n#9 0x55a2a70ef971 <unknown>\n#10 0x55a2a75d025b <unknown>\n#11 0x55a2a75d3fa9 <unknown>\n#12 0x55a2a75b7339 <unknown>\n#13 0x55a2a75d4b58 <unknown>\n#14 0x55a2a759bc1f <unknown>\n#15 0x55a2a75f8118 <unknown>\n#16 0x55a2a75f82f6 <unknown>\n#17 0x55a2a760a066 <unknown>\n#18 0x7f3decc9caa4 <unknown>\n#19 0x7f3decd29c3c <unknown>","statusTrace":"driver = <selenium.webdriver.chrome.webdriver.WebDriver (session=\"da7adb890796b4e0c6daaf26f14b8177\")>\n\n    @pytest.mark.smoke\n    @allure.title(\"Professional login test (valid credentials)\")\n    def test_professional_login(driver):\n        page = ProfessionalLoginPage(driver)\n        page.open()\n    \n>       page.set_username(\"testuser\")\n\ntests/test_professional_login.py:15: \n_ _ _ _ _ _ _ _ _ _ _ _ _ _ _ _ _ _ _ _ _ _ _ _ _ _ _ _ _ _ _ _ _ _ _ _ _ _ _ _ \npages/professional_login_page.py:25: in set_username\n    WebDriverWait(self.driver, 10).until(EC.visibility_of_element_located(self.USERNAME)).clear()\n_ _ _ _ _ _ _ _ _ _ _ _ _ _ _ _ _ _ _ _ _ _ _ _ _ _ _ _ _ _ _ _ _ _ _ _ _ _ _ _ \n\nself = <selenium.webdriver.support.wait.WebDriverWait (session=\"da7adb890796b4e0c6daaf26f14b8177\")>\nmethod = <function visibility_of_element_located.<locals>._predicate at 0x7f96f083a200>\nmessage = ''\n\n    def until(self, method, message: str = \"\"):\n        \"\"\"Calls the method provided with the driver as an argument until the \\\n        return value does not evaluate to ``False``.\n    \n        :param method: callable(WebDriver)\n        :param message: optional message for :exc:`TimeoutException`\n        :returns: the result of the last call to `method`\n        :raises: :exc:`selenium.common.exceptions.TimeoutException` if timeout occurs\n        \"\"\"\n        screen = None\n        stacktrace = None\n    \n        end_time = time.monotonic() + self._timeout\n        while True:\n            try:\n                value = method(self._driver)\n                if value:\n                    return value\n            except self._ignored_exceptions as exc:\n                screen = getattr(exc, \"screen\", None)\n                stacktrace = getattr(exc, \"stacktrace\", None)\n            time.sleep(self._poll)\n            if time.monotonic() > end_time:\n                break\n>       raise TimeoutException(message, screen, stacktrace)\nE       selenium.common.exceptions.TimeoutException: Message: \nE       Stacktrace:\nE       #0 0x55a2a760b08a <unknown>\nE       #1 0x55a2a70aaa70 <unknown>\nE       #2 0x55a2a70fc907 <unknown>\nE       #3 0x55a2a70fcb01 <unknown>\nE       #4 0x55a2a714ad54 <unknown>\nE       #5 0x55a2a712240d <unknown>\nE       #6 0x55a2a714814f <unknown>\nE       #7 0x55a2a71221b3 <unknown>\nE       #8 0x55a2a70ee59b <unknown>\nE       #9 0x55a2a70ef971 <unknown>\nE       #10 0x55a2a75d025b <unknown>\nE       #11 0x55a2a75d3fa9 <unknown>\nE       #12 0x55a2a75b7339 <unknown>\nE       #13 0x55a2a75d4b58 <unknown>\nE       #14 0x55a2a759bc1f <unknown>\nE       #15 0x55a2a75f8118 <unknown>\nE       #16 0x55a2a75f82f6 <unknown>\nE       #17 0x55a2a760a066 <unknown>\nE       #18 0x7f3decc9caa4 <unknown>\nE       #19 0x7f3decd29c3c <unknown>\n\n/opt/hostedtoolcache/Python/3.13.7/x64/lib/python3.13/site-packages/selenium/webdriver/support/wait.py:95: TimeoutException","flaky":false,"newFailed":false,"newBroken":false,"newPassed":false,"retriesCount":0,"retriesStatusChange":false,"beforeStages":[{"name":"driver","time":{"start":1757401593974,"stop":1757401594711,"duration":737},"status":"passed","steps":[],"attachments":[],"parameters":[],"shouldDisplayMessage":false,"stepsCount":0,"attachmentsCount":0,"hasContent":false},{"name":"driver","time":{"start":1757401605674,"stop":1757401606425,"duration":751},"status":"passed","steps":[],"attachments":[],"parameters":[],"shouldDisplayMessage":false,"stepsCount":0,"attachmentsCount":0,"hasContent":false}],"testStage":{"status":"broken","statusMessage":"selenium.common.exceptions.TimeoutException: Message: \nStacktrace:\n#0 0x55a2a760b08a <unknown>\n#1 0x55a2a70aaa70 <unknown>\n#2 0x55a2a70fc907 <unknown>\n#3 0x55a2a70fcb01 <unknown>\n#4 0x55a2a714ad54 <unknown>\n#5 0x55a2a712240d <unknown>\n#6 0x55a2a714814f <unknown>\n#7 0x55a2a71221b3 <unknown>\n#8 0x55a2a70ee59b <unknown>\n#9 0x55a2a70ef971 <unknown>\n#10 0x55a2a75d025b <unknown>\n#11 0x55a2a75d3fa9 <unknown>\n#12 0x55a2a75b7339 <unknown>\n#13 0x55a2a75d4b58 <unknown>\n#14 0x55a2a759bc1f <unknown>\n#15 0x55a2a75f8118 <unknown>\n#16 0x55a2a75f82f6 <unknown>\n#17 0x55a2a760a066 <unknown>\n#18 0x7f3decc9caa4 <unknown>\n#19 0x7f3decd29c3c <unknown>","statusTrace":"driver = <selenium.webdriver.chrome.webdriver.WebDriver (session=\"da7adb890796b4e0c6daaf26f14b8177\")>\n\n    @pytest.mark.smoke\n    @allure.title(\"Professional login test (valid credentials)\")\n    def test_professional_login(driver):\n        page = ProfessionalLoginPage(driver)\n        page.open()\n    \n>       page.set_username(\"testuser\")\n\ntests/test_professional_login.py:15: \n_ _ _ _ _ _ _ _ _ _ _ _ _ _ _ _ _ _ _ _ _ _ _ _ _ _ _ _ _ _ _ _ _ _ _ _ _ _ _ _ \npages/professional_login_page.py:25: in set_username\n    WebDriverWait(self.driver, 10).until(EC.visibility_of_element_located(self.USERNAME)).clear()\n_ _ _ _ _ _ _ _ _ _ _ _ _ _ _ _ _ _ _ _ _ _ _ _ _ _ _ _ _ _ _ _ _ _ _ _ _ _ _ _ \n\nself = <selenium.webdriver.support.wait.WebDriverWait (session=\"da7adb890796b4e0c6daaf26f14b8177\")>\nmethod = <function visibility_of_element_located.<locals>._predicate at 0x7f96f083a200>\nmessage = ''\n\n    def until(self, method, message: str = \"\"):\n        \"\"\"Calls the method provided with the driver as an argument until the \\\n        return value does not evaluate to ``False``.\n    \n        :param method: callable(WebDriver)\n        :param message: optional message for :exc:`TimeoutException`\n        :returns: the result of the last call to `method`\n        :raises: :exc:`selenium.common.exceptions.TimeoutException` if timeout occurs\n        \"\"\"\n        screen = None\n        stacktrace = None\n    \n        end_time = time.monotonic() + self._timeout\n        while True:\n            try:\n                value = method(self._driver)\n                if value:\n                    return value\n            except self._ignored_exceptions as exc:\n                screen = getattr(exc, \"screen\", None)\n                stacktrace = getattr(exc, \"stacktrace\", None)\n            time.sleep(self._poll)\n            if time.monotonic() > end_time:\n                break\n>       raise TimeoutException(message, screen, stacktrace)\nE       selenium.common.exceptions.TimeoutException: Message: \nE       Stacktrace:\nE       #0 0x55a2a760b08a <unknown>\nE       #1 0x55a2a70aaa70 <unknown>\nE       #2 0x55a2a70fc907 <unknown>\nE       #3 0x55a2a70fcb01 <unknown>\nE       #4 0x55a2a714ad54 <unknown>\nE       #5 0x55a2a712240d <unknown>\nE       #6 0x55a2a714814f <unknown>\nE       #7 0x55a2a71221b3 <unknown>\nE       #8 0x55a2a70ee59b <unknown>\nE       #9 0x55a2a70ef971 <unknown>\nE       #10 0x55a2a75d025b <unknown>\nE       #11 0x55a2a75d3fa9 <unknown>\nE       #12 0x55a2a75b7339 <unknown>\nE       #13 0x55a2a75d4b58 <unknown>\nE       #14 0x55a2a759bc1f <unknown>\nE       #15 0x55a2a75f8118 <unknown>\nE       #16 0x55a2a75f82f6 <unknown>\nE       #17 0x55a2a760a066 <unknown>\nE       #18 0x7f3decc9caa4 <unknown>\nE       #19 0x7f3decd29c3c <unknown>\n\n/opt/hostedtoolcache/Python/3.13.7/x64/lib/python3.13/site-packages/selenium/webdriver/support/wait.py:95: TimeoutException","steps":[],"attachments":[{"uid":"37f8d7980d378c95","name":"screenshot","source":"37f8d7980d378c95.png","type":"image/png","size":75968}],"parameters":[],"shouldDisplayMessage":true,"stepsCount":0,"attachmentsCount":1,"hasContent":true},"afterStages":[{"name":"driver::0","time":{"start":1757401605606,"stop":1757401605673,"duration":67},"status":"passed","steps":[],"attachments":[],"parameters":[],"shouldDisplayMessage":false,"stepsCount":0,"attachmentsCount":0,"hasContent":false},{"name":"driver::0","time":{"start":1757401617063,"stop":1757401617127,"duration":64},"status":"passed","steps":[],"attachments":[],"parameters":[],"shouldDisplayMessage":false,"stepsCount":0,"attachmentsCount":0,"hasContent":false}],"labels":[{"name":"tag","value":"smoke"},{"name":"parentSuite","value":"tests"},{"name":"suite","value":"test_professional_login"},{"name":"host","value":"pkrvm7jw40e0xgp"},{"name":"thread","value":"2855-MainThread"},{"name":"framework","value":"pytest"},{"name":"language","value":"cpython3"},{"name":"package","value":"tests.test_professional_login"},{"name":"resultFormat","value":"allure2"}],"parameters":[],"links":[],"hidden":false,"retry":false,"extra":{"severity":"normal","retries":[],"categories":[{"name":"Test defects","matchedStatuses":[],"flaky":false}],"tags":["smoke"]},"source":"782b8adc6ba83427.json","parameterValues":[]}