{"uid":"92fea74284bb545b","name":"Professional login test (valid credentials)","fullName":"tests.test_professional_login#test_professional_login","historyId":"d83d7516c316a56de028e0adf36ef7d7","time":{"start":1757402844443,"stop":1757402854734,"duration":10291},"status":"broken","statusMessage":"selenium.common.exceptions.TimeoutException: Message: \nStacktrace:\n#0 0x56452b6f708a <unknown>\n#1 0x56452b196a70 <unknown>\n#2 0x56452b1e8907 <unknown>\n#3 0x56452b1e8b01 <unknown>\n#4 0x56452b236d54 <unknown>\n#5 0x56452b20e40d <unknown>\n#6 0x56452b23414f <unknown>\n#7 0x56452b20e1b3 <unknown>\n#8 0x56452b1da59b <unknown>\n#9 0x56452b1db971 <unknown>\n#10 0x56452b6bc25b <unknown>\n#11 0x56452b6bffa9 <unknown>\n#12 0x56452b6a3339 <unknown>\n#13 0x56452b6c0b58 <unknown>\n#14 0x56452b687c1f <unknown>\n#15 0x56452b6e4118 <unknown>\n#16 0x56452b6e42f6 <unknown>\n#17 0x56452b6f6066 <unknown>\n#18 0x7f6ca689caa4 <unknown>\n#19 0x7f6ca6929c3c <unknown>","statusTrace":"driver = <selenium.webdriver.chrome.webdriver.WebDriver (session=\"bc1c714188e89dfc208672e4b67c502c\")>\n\n    @pytest.mark.smoke\n    @allure.title(\"Professional login test (valid credentials)\")\n    def test_professional_login(driver):\n        page = ProfessionalLoginPage(driver)\n        page.open()\n    \n>       page.set_username(\"testuser\")\n\ntests/test_professional_login.py:15: \n_ _ _ _ _ _ _ _ _ _ _ _ _ _ _ _ _ _ _ _ _ _ _ _ _ _ _ _ _ _ _ _ _ _ _ _ _ _ _ _ \npages/professional_login_page.py:23: in set_username\n    WebDriverWait(self.driver, 10).until(EC.visibility_of_element_located(self.USERNAME)).clear()\n_ _ _ _ _ _ _ _ _ _ _ _ _ _ _ _ _ _ _ _ _ _ _ _ _ _ _ _ _ _ _ _ _ _ _ _ _ _ _ _ \n\nself = <selenium.webdriver.support.wait.WebDriverWait (session=\"bc1c714188e89dfc208672e4b67c502c\")>\nmethod = <function visibility_of_element_located.<locals>._predicate at 0x7fb515576200>\nmessage = ''\n\n    def until(self, method, message: str = \"\"):\n        \"\"\"Calls the method provided with the driver as an argument until the \\\n        return value does not evaluate to ``False``.\n    \n        :param method: callable(WebDriver)\n        :param message: optional message for :exc:`TimeoutException`\n        :returns: the result of the last call to `method`\n        :raises: :exc:`selenium.common.exceptions.TimeoutException` if timeout occurs\n        \"\"\"\n        screen = None\n        stacktrace = None\n    \n        end_time = time.monotonic() + self._timeout\n        while True:\n            try:\n                value = method(self._driver)\n                if value:\n                    return value\n            except self._ignored_exceptions as exc:\n                screen = getattr(exc, \"screen\", None)\n                stacktrace = getattr(exc, \"stacktrace\", None)\n            time.sleep(self._poll)\n            if time.monotonic() > end_time:\n                break\n>       raise TimeoutException(message, screen, stacktrace)\nE       selenium.common.exceptions.TimeoutException: Message: \nE       Stacktrace:\nE       #0 0x56452b6f708a <unknown>\nE       #1 0x56452b196a70 <unknown>\nE       #2 0x56452b1e8907 <unknown>\nE       #3 0x56452b1e8b01 <unknown>\nE       #4 0x56452b236d54 <unknown>\nE       #5 0x56452b20e40d <unknown>\nE       #6 0x56452b23414f <unknown>\nE       #7 0x56452b20e1b3 <unknown>\nE       #8 0x56452b1da59b <unknown>\nE       #9 0x56452b1db971 <unknown>\nE       #10 0x56452b6bc25b <unknown>\nE       #11 0x56452b6bffa9 <unknown>\nE       #12 0x56452b6a3339 <unknown>\nE       #13 0x56452b6c0b58 <unknown>\nE       #14 0x56452b687c1f <unknown>\nE       #15 0x56452b6e4118 <unknown>\nE       #16 0x56452b6e42f6 <unknown>\nE       #17 0x56452b6f6066 <unknown>\nE       #18 0x7f6ca689caa4 <unknown>\nE       #19 0x7f6ca6929c3c <unknown>\n\n/opt/hostedtoolcache/Python/3.13.7/x64/lib/python3.13/site-packages/selenium/webdriver/support/wait.py:95: TimeoutException","flaky":false,"newFailed":false,"newBroken":false,"newPassed":false,"retriesCount":0,"retriesStatusChange":false,"beforeStages":[{"name":"driver","time":{"start":1757402843698,"stop":1757402844442,"duration":744},"status":"passed","steps":[],"attachments":[],"parameters":[],"shouldDisplayMessage":false,"stepsCount":0,"attachmentsCount":0,"hasContent":false},{"name":"driver","time":{"start":1757402854904,"stop":1757402855633,"duration":729},"status":"passed","steps":[],"attachments":[],"parameters":[],"shouldDisplayMessage":false,"stepsCount":0,"attachmentsCount":0,"hasContent":false}],"testStage":{"status":"broken","statusMessage":"selenium.common.exceptions.TimeoutException: Message: \nStacktrace:\n#0 0x56452b6f708a <unknown>\n#1 0x56452b196a70 <unknown>\n#2 0x56452b1e8907 <unknown>\n#3 0x56452b1e8b01 <unknown>\n#4 0x56452b236d54 <unknown>\n#5 0x56452b20e40d <unknown>\n#6 0x56452b23414f <unknown>\n#7 0x56452b20e1b3 <unknown>\n#8 0x56452b1da59b <unknown>\n#9 0x56452b1db971 <unknown>\n#10 0x56452b6bc25b <unknown>\n#11 0x56452b6bffa9 <unknown>\n#12 0x56452b6a3339 <unknown>\n#13 0x56452b6c0b58 <unknown>\n#14 0x56452b687c1f <unknown>\n#15 0x56452b6e4118 <unknown>\n#16 0x56452b6e42f6 <unknown>\n#17 0x56452b6f6066 <unknown>\n#18 0x7f6ca689caa4 <unknown>\n#19 0x7f6ca6929c3c <unknown>","statusTrace":"driver = <selenium.webdriver.chrome.webdriver.WebDriver (session=\"bc1c714188e89dfc208672e4b67c502c\")>\n\n    @pytest.mark.smoke\n    @allure.title(\"Professional login test (valid credentials)\")\n    def test_professional_login(driver):\n        page = ProfessionalLoginPage(driver)\n        page.open()\n    \n>       page.set_username(\"testuser\")\n\ntests/test_professional_login.py:15: \n_ _ _ _ _ _ _ _ _ _ _ _ _ _ _ _ _ _ _ _ _ _ _ _ _ _ _ _ _ _ _ _ _ _ _ _ _ _ _ _ \npages/professional_login_page.py:23: in set_username\n    WebDriverWait(self.driver, 10).until(EC.visibility_of_element_located(self.USERNAME)).clear()\n_ _ _ _ _ _ _ _ _ _ _ _ _ _ _ _ _ _ _ _ _ _ _ _ _ _ _ _ _ _ _ _ _ _ _ _ _ _ _ _ \n\nself = <selenium.webdriver.support.wait.WebDriverWait (session=\"bc1c714188e89dfc208672e4b67c502c\")>\nmethod = <function visibility_of_element_located.<locals>._predicate at 0x7fb515576200>\nmessage = ''\n\n    def until(self, method, message: str = \"\"):\n        \"\"\"Calls the method provided with the driver as an argument until the \\\n        return value does not evaluate to ``False``.\n    \n        :param method: callable(WebDriver)\n        :param message: optional message for :exc:`TimeoutException`\n        :returns: the result of the last call to `method`\n        :raises: :exc:`selenium.common.exceptions.TimeoutException` if timeout occurs\n        \"\"\"\n        screen = None\n        stacktrace = None\n    \n        end_time = time.monotonic() + self._timeout\n        while True:\n            try:\n                value = method(self._driver)\n                if value:\n                    return value\n            except self._ignored_exceptions as exc:\n                screen = getattr(exc, \"screen\", None)\n                stacktrace = getattr(exc, \"stacktrace\", None)\n            time.sleep(self._poll)\n            if time.monotonic() > end_time:\n                break\n>       raise TimeoutException(message, screen, stacktrace)\nE       selenium.common.exceptions.TimeoutException: Message: \nE       Stacktrace:\nE       #0 0x56452b6f708a <unknown>\nE       #1 0x56452b196a70 <unknown>\nE       #2 0x56452b1e8907 <unknown>\nE       #3 0x56452b1e8b01 <unknown>\nE       #4 0x56452b236d54 <unknown>\nE       #5 0x56452b20e40d <unknown>\nE       #6 0x56452b23414f <unknown>\nE       #7 0x56452b20e1b3 <unknown>\nE       #8 0x56452b1da59b <unknown>\nE       #9 0x56452b1db971 <unknown>\nE       #10 0x56452b6bc25b <unknown>\nE       #11 0x56452b6bffa9 <unknown>\nE       #12 0x56452b6a3339 <unknown>\nE       #13 0x56452b6c0b58 <unknown>\nE       #14 0x56452b687c1f <unknown>\nE       #15 0x56452b6e4118 <unknown>\nE       #16 0x56452b6e42f6 <unknown>\nE       #17 0x56452b6f6066 <unknown>\nE       #18 0x7f6ca689caa4 <unknown>\nE       #19 0x7f6ca6929c3c <unknown>\n\n/opt/hostedtoolcache/Python/3.13.7/x64/lib/python3.13/site-packages/selenium/webdriver/support/wait.py:95: TimeoutException","steps":[],"attachments":[{"uid":"6a5f005746e1580b","name":"screenshot","source":"6a5f005746e1580b.png","type":"image/png","size":20719}],"parameters":[],"shouldDisplayMessage":true,"stepsCount":0,"attachmentsCount":1,"hasContent":true},"afterStages":[{"name":"driver::0","time":{"start":1757402854842,"stop":1757402854903,"duration":61},"status":"passed","steps":[],"attachments":[],"parameters":[],"shouldDisplayMessage":false,"stepsCount":0,"attachmentsCount":0,"hasContent":false},{"name":"driver::0","time":{"start":1757402865965,"stop":1757402866027,"duration":62},"status":"passed","steps":[],"attachments":[],"parameters":[],"shouldDisplayMessage":false,"stepsCount":0,"attachmentsCount":0,"hasContent":false}],"labels":[{"name":"tag","value":"smoke"},{"name":"parentSuite","value":"tests"},{"name":"suite","value":"test_professional_login"},{"name":"host","value":"pkrvm7jw40e0xgp"},{"name":"thread","value":"2831-MainThread"},{"name":"framework","value":"pytest"},{"name":"language","value":"cpython3"},{"name":"package","value":"tests.test_professional_login"},{"name":"resultFormat","value":"allure2"}],"parameters":[],"links":[],"hidden":false,"retry":false,"extra":{"severity":"normal","retries":[],"categories":[{"name":"Test defects","matchedStatuses":[],"flaky":false}],"tags":["smoke"]},"source":"92fea74284bb545b.json","parameterValues":[]}