{"uid":"dc8ff11772bbeefb","name":"Professional login test (invalid credentials)","fullName":"tests.test_professional_login#test_invalid_login","historyId":"9aec8332f2733007f8011ad7e0fdc337","time":{"start":1757403573887,"stop":1757403586132,"duration":12245},"status":"broken","statusMessage":"selenium.common.exceptions.TimeoutException: Message: \nStacktrace:\n#0 0x5563f265a94a <unknown>\n#1 0x5563f20cf8a0 <unknown>\n#2 0x5563f2121540 <unknown>\n#3 0x5563f2121731 <unknown>\n#4 0x5563f216f824 <unknown>\n#5 0x5563f214705d <unknown>\n#6 0x5563f216cc23 <unknown>\n#7 0x5563f2146e03 <unknown>\n#8 0x5563f2113968 <unknown>\n#9 0x5563f21145e1 <unknown>\n#10 0x5563f261e548 <unknown>\n#11 0x5563f2622272 <unknown>\n#12 0x5563f2605313 <unknown>\n#13 0x5563f2622dc5 <unknown>\n#14 0x5563f25ea49f <unknown>\n#15 0x5563f2647158 <unknown>\n#16 0x5563f2647332 <unknown>\n#17 0x5563f2659a53 <unknown>\n#18 0x7f169069caa4 <unknown>\n#19 0x7f1690729c3c <unknown>","statusTrace":"driver = <selenium.webdriver.chrome.webdriver.WebDriver (session=\"dc6284304890259dedb100821caed644\")>\n\n    @allure.title(\"Professional login test (invalid credentials)\")\n    def test_invalid_login(driver):\n        page = ProfessionalLoginPage(driver)\n        page.open()\n        time.sleep(2) # This line is added to pause the test\n    \n>       page.set_username(\"bad_user\")\n\ntests/test_professional_login.py:31: \n_ _ _ _ _ _ _ _ _ _ _ _ _ _ _ _ _ _ _ _ _ _ _ _ _ _ _ _ _ _ _ _ _ _ _ _ _ _ _ _ \npages/professional_login_page.py:23: in set_username\n    WebDriverWait(self.driver, 10).until(EC.visibility_of_element_located(self.USERNAME)).clear()\n_ _ _ _ _ _ _ _ _ _ _ _ _ _ _ _ _ _ _ _ _ _ _ _ _ _ _ _ _ _ _ _ _ _ _ _ _ _ _ _ \n\nself = <selenium.webdriver.support.wait.WebDriverWait (session=\"dc6284304890259dedb100821caed644\")>\nmethod = <function visibility_of_element_located.<locals>._predicate at 0x7f2249a81800>\nmessage = ''\n\n    def until(self, method, message: str = \"\"):\n        \"\"\"Calls the method provided with the driver as an argument until the \\\n        return value does not evaluate to ``False``.\n    \n        :param method: callable(WebDriver)\n        :param message: optional message for :exc:`TimeoutException`\n        :returns: the result of the last call to `method`\n        :raises: :exc:`selenium.common.exceptions.TimeoutException` if timeout occurs\n        \"\"\"\n        screen = None\n        stacktrace = None\n    \n        end_time = time.monotonic() + self._timeout\n        while True:\n            try:\n                value = method(self._driver)\n                if value:\n                    return value\n            except self._ignored_exceptions as exc:\n                screen = getattr(exc, \"screen\", None)\n                stacktrace = getattr(exc, \"stacktrace\", None)\n            time.sleep(self._poll)\n            if time.monotonic() > end_time:\n                break\n>       raise TimeoutException(message, screen, stacktrace)\nE       selenium.common.exceptions.TimeoutException: Message: \nE       Stacktrace:\nE       #0 0x5563f265a94a <unknown>\nE       #1 0x5563f20cf8a0 <unknown>\nE       #2 0x5563f2121540 <unknown>\nE       #3 0x5563f2121731 <unknown>\nE       #4 0x5563f216f824 <unknown>\nE       #5 0x5563f214705d <unknown>\nE       #6 0x5563f216cc23 <unknown>\nE       #7 0x5563f2146e03 <unknown>\nE       #8 0x5563f2113968 <unknown>\nE       #9 0x5563f21145e1 <unknown>\nE       #10 0x5563f261e548 <unknown>\nE       #11 0x5563f2622272 <unknown>\nE       #12 0x5563f2605313 <unknown>\nE       #13 0x5563f2622dc5 <unknown>\nE       #14 0x5563f25ea49f <unknown>\nE       #15 0x5563f2647158 <unknown>\nE       #16 0x5563f2647332 <unknown>\nE       #17 0x5563f2659a53 <unknown>\nE       #18 0x7f169069caa4 <unknown>\nE       #19 0x7f1690729c3c <unknown>\n\n/opt/hostedtoolcache/Python/3.13.7/x64/lib/python3.13/site-packages/selenium/webdriver/support/wait.py:95: TimeoutException","flaky":false,"newFailed":false,"newBroken":false,"newPassed":false,"retriesCount":0,"retriesStatusChange":false,"beforeStages":[{"name":"driver","time":{"start":1757403573140,"stop":1757403573886,"duration":746},"status":"passed","steps":[],"attachments":[],"parameters":[],"shouldDisplayMessage":false,"stepsCount":0,"attachmentsCount":0,"hasContent":false}],"testStage":{"status":"broken","statusMessage":"selenium.common.exceptions.TimeoutException: Message: \nStacktrace:\n#0 0x5563f265a94a <unknown>\n#1 0x5563f20cf8a0 <unknown>\n#2 0x5563f2121540 <unknown>\n#3 0x5563f2121731 <unknown>\n#4 0x5563f216f824 <unknown>\n#5 0x5563f214705d <unknown>\n#6 0x5563f216cc23 <unknown>\n#7 0x5563f2146e03 <unknown>\n#8 0x5563f2113968 <unknown>\n#9 0x5563f21145e1 <unknown>\n#10 0x5563f261e548 <unknown>\n#11 0x5563f2622272 <unknown>\n#12 0x5563f2605313 <unknown>\n#13 0x5563f2622dc5 <unknown>\n#14 0x5563f25ea49f <unknown>\n#15 0x5563f2647158 <unknown>\n#16 0x5563f2647332 <unknown>\n#17 0x5563f2659a53 <unknown>\n#18 0x7f169069caa4 <unknown>\n#19 0x7f1690729c3c <unknown>","statusTrace":"driver = <selenium.webdriver.chrome.webdriver.WebDriver (session=\"dc6284304890259dedb100821caed644\")>\n\n    @allure.title(\"Professional login test (invalid credentials)\")\n    def test_invalid_login(driver):\n        page = ProfessionalLoginPage(driver)\n        page.open()\n        time.sleep(2) # This line is added to pause the test\n    \n>       page.set_username(\"bad_user\")\n\ntests/test_professional_login.py:31: \n_ _ _ _ _ _ _ _ _ _ _ _ _ _ _ _ _ _ _ _ _ _ _ _ _ _ _ _ _ _ _ _ _ _ _ _ _ _ _ _ \npages/professional_login_page.py:23: in set_username\n    WebDriverWait(self.driver, 10).until(EC.visibility_of_element_located(self.USERNAME)).clear()\n_ _ _ _ _ _ _ _ _ _ _ _ _ _ _ _ _ _ _ _ _ _ _ _ _ _ _ _ _ _ _ _ _ _ _ _ _ _ _ _ \n\nself = <selenium.webdriver.support.wait.WebDriverWait (session=\"dc6284304890259dedb100821caed644\")>\nmethod = <function visibility_of_element_located.<locals>._predicate at 0x7f2249a81800>\nmessage = ''\n\n    def until(self, method, message: str = \"\"):\n        \"\"\"Calls the method provided with the driver as an argument until the \\\n        return value does not evaluate to ``False``.\n    \n        :param method: callable(WebDriver)\n        :param message: optional message for :exc:`TimeoutException`\n        :returns: the result of the last call to `method`\n        :raises: :exc:`selenium.common.exceptions.TimeoutException` if timeout occurs\n        \"\"\"\n        screen = None\n        stacktrace = None\n    \n        end_time = time.monotonic() + self._timeout\n        while True:\n            try:\n                value = method(self._driver)\n                if value:\n                    return value\n            except self._ignored_exceptions as exc:\n                screen = getattr(exc, \"screen\", None)\n                stacktrace = getattr(exc, \"stacktrace\", None)\n            time.sleep(self._poll)\n            if time.monotonic() > end_time:\n                break\n>       raise TimeoutException(message, screen, stacktrace)\nE       selenium.common.exceptions.TimeoutException: Message: \nE       Stacktrace:\nE       #0 0x5563f265a94a <unknown>\nE       #1 0x5563f20cf8a0 <unknown>\nE       #2 0x5563f2121540 <unknown>\nE       #3 0x5563f2121731 <unknown>\nE       #4 0x5563f216f824 <unknown>\nE       #5 0x5563f214705d <unknown>\nE       #6 0x5563f216cc23 <unknown>\nE       #7 0x5563f2146e03 <unknown>\nE       #8 0x5563f2113968 <unknown>\nE       #9 0x5563f21145e1 <unknown>\nE       #10 0x5563f261e548 <unknown>\nE       #11 0x5563f2622272 <unknown>\nE       #12 0x5563f2605313 <unknown>\nE       #13 0x5563f2622dc5 <unknown>\nE       #14 0x5563f25ea49f <unknown>\nE       #15 0x5563f2647158 <unknown>\nE       #16 0x5563f2647332 <unknown>\nE       #17 0x5563f2659a53 <unknown>\nE       #18 0x7f169069caa4 <unknown>\nE       #19 0x7f1690729c3c <unknown>\n\n/opt/hostedtoolcache/Python/3.13.7/x64/lib/python3.13/site-packages/selenium/webdriver/support/wait.py:95: TimeoutException","steps":[],"attachments":[{"uid":"5f0fd79f09e354de","name":"screenshot","source":"5f0fd79f09e354de.png","type":"image/png","size":20719}],"parameters":[],"shouldDisplayMessage":true,"stepsCount":0,"attachmentsCount":1,"hasContent":true},"afterStages":[{"name":"driver::0","time":{"start":1757403586193,"stop":1757403586257,"duration":64},"status":"passed","steps":[],"attachments":[],"parameters":[],"shouldDisplayMessage":false,"stepsCount":0,"attachmentsCount":0,"hasContent":false}],"labels":[{"name":"parentSuite","value":"tests"},{"name":"suite","value":"test_professional_login"},{"name":"host","value":"runnervmf4ws1"},{"name":"thread","value":"2875-MainThread"},{"name":"framework","value":"pytest"},{"name":"language","value":"cpython3"},{"name":"package","value":"tests.test_professional_login"},{"name":"resultFormat","value":"allure2"}],"parameters":[],"links":[],"hidden":false,"retry":false,"extra":{"severity":"normal","retries":[],"categories":[{"name":"Test defects","matchedStatuses":[],"flaky":false}],"tags":[]},"source":"dc8ff11772bbeefb.json","parameterValues":[]}