{"uid":"f1a1def8ea23f1e2","name":"Professional login test (invalid credentials)","fullName":"tests.test_professional_login#test_invalid_login","historyId":"9aec8332f2733007f8011ad7e0fdc337","time":{"start":1757402855634,"stop":1757402865901,"duration":10267},"status":"broken","statusMessage":"selenium.common.exceptions.TimeoutException: Message: \nStacktrace:\n#0 0x562edda5208a <unknown>\n#1 0x562edd4f1a70 <unknown>\n#2 0x562edd543907 <unknown>\n#3 0x562edd543b01 <unknown>\n#4 0x562edd591d54 <unknown>\n#5 0x562edd56940d <unknown>\n#6 0x562edd58f14f <unknown>\n#7 0x562edd5691b3 <unknown>\n#8 0x562edd53559b <unknown>\n#9 0x562edd536971 <unknown>\n#10 0x562edda1725b <unknown>\n#11 0x562edda1afa9 <unknown>\n#12 0x562edd9fe339 <unknown>\n#13 0x562edda1bb58 <unknown>\n#14 0x562edd9e2c1f <unknown>\n#15 0x562edda3f118 <unknown>\n#16 0x562edda3f2f6 <unknown>\n#17 0x562edda51066 <unknown>\n#18 0x7fbd62a9caa4 <unknown>\n#19 0x7fbd62b29c3c <unknown>","statusTrace":"driver = <selenium.webdriver.chrome.webdriver.WebDriver (session=\"9f61316474813bd03ee0afe944028701\")>\n\n    @allure.title(\"Professional login test (invalid credentials)\")\n    def test_invalid_login(driver):\n        page = ProfessionalLoginPage(driver)\n        page.open()\n    \n>       page.set_username(\"bad_user\")\n\ntests/test_professional_login.py:28: \n_ _ _ _ _ _ _ _ _ _ _ _ _ _ _ _ _ _ _ _ _ _ _ _ _ _ _ _ _ _ _ _ _ _ _ _ _ _ _ _ \npages/professional_login_page.py:23: in set_username\n    WebDriverWait(self.driver, 10).until(EC.visibility_of_element_located(self.USERNAME)).clear()\n_ _ _ _ _ _ _ _ _ _ _ _ _ _ _ _ _ _ _ _ _ _ _ _ _ _ _ _ _ _ _ _ _ _ _ _ _ _ _ _ \n\nself = <selenium.webdriver.support.wait.WebDriverWait (session=\"9f61316474813bd03ee0afe944028701\")>\nmethod = <function visibility_of_element_located.<locals>._predicate at 0x7fb515575800>\nmessage = ''\n\n    def until(self, method, message: str = \"\"):\n        \"\"\"Calls the method provided with the driver as an argument until the \\\n        return value does not evaluate to ``False``.\n    \n        :param method: callable(WebDriver)\n        :param message: optional message for :exc:`TimeoutException`\n        :returns: the result of the last call to `method`\n        :raises: :exc:`selenium.common.exceptions.TimeoutException` if timeout occurs\n        \"\"\"\n        screen = None\n        stacktrace = None\n    \n        end_time = time.monotonic() + self._timeout\n        while True:\n            try:\n                value = method(self._driver)\n                if value:\n                    return value\n            except self._ignored_exceptions as exc:\n                screen = getattr(exc, \"screen\", None)\n                stacktrace = getattr(exc, \"stacktrace\", None)\n            time.sleep(self._poll)\n            if time.monotonic() > end_time:\n                break\n>       raise TimeoutException(message, screen, stacktrace)\nE       selenium.common.exceptions.TimeoutException: Message: \nE       Stacktrace:\nE       #0 0x562edda5208a <unknown>\nE       #1 0x562edd4f1a70 <unknown>\nE       #2 0x562edd543907 <unknown>\nE       #3 0x562edd543b01 <unknown>\nE       #4 0x562edd591d54 <unknown>\nE       #5 0x562edd56940d <unknown>\nE       #6 0x562edd58f14f <unknown>\nE       #7 0x562edd5691b3 <unknown>\nE       #8 0x562edd53559b <unknown>\nE       #9 0x562edd536971 <unknown>\nE       #10 0x562edda1725b <unknown>\nE       #11 0x562edda1afa9 <unknown>\nE       #12 0x562edd9fe339 <unknown>\nE       #13 0x562edda1bb58 <unknown>\nE       #14 0x562edd9e2c1f <unknown>\nE       #15 0x562edda3f118 <unknown>\nE       #16 0x562edda3f2f6 <unknown>\nE       #17 0x562edda51066 <unknown>\nE       #18 0x7fbd62a9caa4 <unknown>\nE       #19 0x7fbd62b29c3c <unknown>\n\n/opt/hostedtoolcache/Python/3.13.7/x64/lib/python3.13/site-packages/selenium/webdriver/support/wait.py:95: TimeoutException","flaky":false,"newFailed":false,"newBroken":false,"newPassed":false,"retriesCount":0,"retriesStatusChange":false,"beforeStages":[{"name":"driver","time":{"start":1757402854904,"stop":1757402855633,"duration":729},"status":"passed","steps":[],"attachments":[],"parameters":[],"shouldDisplayMessage":false,"stepsCount":0,"attachmentsCount":0,"hasContent":false}],"testStage":{"status":"broken","statusMessage":"selenium.common.exceptions.TimeoutException: Message: \nStacktrace:\n#0 0x562edda5208a <unknown>\n#1 0x562edd4f1a70 <unknown>\n#2 0x562edd543907 <unknown>\n#3 0x562edd543b01 <unknown>\n#4 0x562edd591d54 <unknown>\n#5 0x562edd56940d <unknown>\n#6 0x562edd58f14f <unknown>\n#7 0x562edd5691b3 <unknown>\n#8 0x562edd53559b <unknown>\n#9 0x562edd536971 <unknown>\n#10 0x562edda1725b <unknown>\n#11 0x562edda1afa9 <unknown>\n#12 0x562edd9fe339 <unknown>\n#13 0x562edda1bb58 <unknown>\n#14 0x562edd9e2c1f <unknown>\n#15 0x562edda3f118 <unknown>\n#16 0x562edda3f2f6 <unknown>\n#17 0x562edda51066 <unknown>\n#18 0x7fbd62a9caa4 <unknown>\n#19 0x7fbd62b29c3c <unknown>","statusTrace":"driver = <selenium.webdriver.chrome.webdriver.WebDriver (session=\"9f61316474813bd03ee0afe944028701\")>\n\n    @allure.title(\"Professional login test (invalid credentials)\")\n    def test_invalid_login(driver):\n        page = ProfessionalLoginPage(driver)\n        page.open()\n    \n>       page.set_username(\"bad_user\")\n\ntests/test_professional_login.py:28: \n_ _ _ _ _ _ _ _ _ _ _ _ _ _ _ _ _ _ _ _ _ _ _ _ _ _ _ _ _ _ _ _ _ _ _ _ _ _ _ _ \npages/professional_login_page.py:23: in set_username\n    WebDriverWait(self.driver, 10).until(EC.visibility_of_element_located(self.USERNAME)).clear()\n_ _ _ _ _ _ _ _ _ _ _ _ _ _ _ _ _ _ _ _ _ _ _ _ _ _ _ _ _ _ _ _ _ _ _ _ _ _ _ _ \n\nself = <selenium.webdriver.support.wait.WebDriverWait (session=\"9f61316474813bd03ee0afe944028701\")>\nmethod = <function visibility_of_element_located.<locals>._predicate at 0x7fb515575800>\nmessage = ''\n\n    def until(self, method, message: str = \"\"):\n        \"\"\"Calls the method provided with the driver as an argument until the \\\n        return value does not evaluate to ``False``.\n    \n        :param method: callable(WebDriver)\n        :param message: optional message for :exc:`TimeoutException`\n        :returns: the result of the last call to `method`\n        :raises: :exc:`selenium.common.exceptions.TimeoutException` if timeout occurs\n        \"\"\"\n        screen = None\n        stacktrace = None\n    \n        end_time = time.monotonic() + self._timeout\n        while True:\n            try:\n                value = method(self._driver)\n                if value:\n                    return value\n            except self._ignored_exceptions as exc:\n                screen = getattr(exc, \"screen\", None)\n                stacktrace = getattr(exc, \"stacktrace\", None)\n            time.sleep(self._poll)\n            if time.monotonic() > end_time:\n                break\n>       raise TimeoutException(message, screen, stacktrace)\nE       selenium.common.exceptions.TimeoutException: Message: \nE       Stacktrace:\nE       #0 0x562edda5208a <unknown>\nE       #1 0x562edd4f1a70 <unknown>\nE       #2 0x562edd543907 <unknown>\nE       #3 0x562edd543b01 <unknown>\nE       #4 0x562edd591d54 <unknown>\nE       #5 0x562edd56940d <unknown>\nE       #6 0x562edd58f14f <unknown>\nE       #7 0x562edd5691b3 <unknown>\nE       #8 0x562edd53559b <unknown>\nE       #9 0x562edd536971 <unknown>\nE       #10 0x562edda1725b <unknown>\nE       #11 0x562edda1afa9 <unknown>\nE       #12 0x562edd9fe339 <unknown>\nE       #13 0x562edda1bb58 <unknown>\nE       #14 0x562edd9e2c1f <unknown>\nE       #15 0x562edda3f118 <unknown>\nE       #16 0x562edda3f2f6 <unknown>\nE       #17 0x562edda51066 <unknown>\nE       #18 0x7fbd62a9caa4 <unknown>\nE       #19 0x7fbd62b29c3c <unknown>\n\n/opt/hostedtoolcache/Python/3.13.7/x64/lib/python3.13/site-packages/selenium/webdriver/support/wait.py:95: TimeoutException","steps":[],"attachments":[{"uid":"22fbfa3ee97abbef","name":"screenshot","source":"22fbfa3ee97abbef.png","type":"image/png","size":20719}],"parameters":[],"shouldDisplayMessage":true,"stepsCount":0,"attachmentsCount":1,"hasContent":true},"afterStages":[{"name":"driver::0","time":{"start":1757402865965,"stop":1757402866027,"duration":62},"status":"passed","steps":[],"attachments":[],"parameters":[],"shouldDisplayMessage":false,"stepsCount":0,"attachmentsCount":0,"hasContent":false}],"labels":[{"name":"parentSuite","value":"tests"},{"name":"suite","value":"test_professional_login"},{"name":"host","value":"pkrvm7jw40e0xgp"},{"name":"thread","value":"2831-MainThread"},{"name":"framework","value":"pytest"},{"name":"language","value":"cpython3"},{"name":"package","value":"tests.test_professional_login"},{"name":"resultFormat","value":"allure2"}],"parameters":[],"links":[],"hidden":false,"retry":false,"extra":{"severity":"normal","retries":[],"categories":[{"name":"Test defects","matchedStatuses":[],"flaky":false}],"tags":[]},"source":"f1a1def8ea23f1e2.json","parameterValues":[]}